<?xml version="1.0" encoding="UTF-8"?>
<!-- Generated by org.testng.reporters.JUnitReportReporter -->
<testsuite skipped="0" hostname="DESKTOP-QUG856H" name="Academy.HomePage" tests="2" failures="0" timestamp="16 Aug 2018 11:49:13 GMT" time="1.384" errors="0">
  <testcase name="menuItems" time="0.580" classname="Academy.HomePage"/>
  <testcase name="footerItems" time="0.804" classname="Academy.HomePage"/>
</testsuite> <!-- Academy.HomePage -->
