<?xml version="1.0" encoding="UTF-8"?>
<!-- Generated by org.testng.reporters.JUnitReportReporter -->
<testsuite skipped="0" hostname="DESKTOP-QUG856H" name="Academy.AppTest" tests="1" failures="0" timestamp="16 Aug 2018 08:01:40 GMT" time="0.012" errors="0">
  <testcase name="shouldAnswerWithTrue" time="0.012" classname="Academy.AppTest"/>
</testsuite> <!-- Academy.AppTest -->
