<?xml version="1.0" encoding="UTF-8"?>
<!-- Generated by org.testng.reporters.JUnitReportReporter -->
<testsuite skipped="0" hostname="DESKTOP-QUG856H" name="Academy.LoginPage" tests="2" failures="0" timestamp="16 Aug 2018 11:49:13 GMT" time="45.800" errors="0">
  <testcase name="loginTrial" time="21.822" classname="Academy.LoginPage"/>
  <testcase name="loginTrial" time="23.978" classname="Academy.LoginPage"/>
</testsuite> <!-- Academy.LoginPage -->
