<?xml version="1.0" encoding="UTF-8"?>
<!-- Generated by org.testng.reporters.JUnitReportReporter -->
<testsuite skipped="0" hostname="DESKTOP-QUG856H" name="PracticeQuestn.Prac" tests="1" failures="0" timestamp="31 Aug 2018 16:36:52 GMT" time="9.698" errors="0">
  <testcase name="test2" time="9.698" classname="PracticeQuestn.Prac"/>
</testsuite> <!-- PracticeQuestn.Prac -->
