<?xml version="1.0" encoding="UTF-8"?>
<!-- Generated by org.testng.reporters.JUnitReportReporter -->
<testsuite skipped="0" hostname="DESKTOP-QUG856H" name="Academy.HomePage" tests="2" failures="0" timestamp="16 Aug 2018 10:26:17 GMT" time="3.579" errors="0">
  <testcase name="menuItems" time="3.125" classname="Academy.HomePage"/>
  <testcase name="footerItems" time="0.454" classname="Academy.HomePage"/>
</testsuite> <!-- Academy.HomePage -->
