<?xml version="1.0" encoding="UTF-8"?>
<!-- Generated by org.testng.reporters.JUnitReportReporter -->
<testsuite skipped="0" hostname="DESKTOP-QUG856H" name="PracticeQuestn.DateTimeZone" tests="1" failures="0" timestamp="31 Aug 2018 17:14:18 GMT" time="0.236" errors="0">
  <testcase name="test2" time="0.236" classname="PracticeQuestn.DateTimeZone"/>
</testsuite> <!-- PracticeQuestn.DateTimeZone -->
