<?xml version="1.0" encoding="UTF-8"?>
<!-- Generated by org.testng.reporters.JUnitReportReporter -->
<testsuite skipped="0" hostname="DESKTOP-QUG856H" name="Academy.LoginPage" tests="2" failures="0" timestamp="16 Aug 2018 10:17:32 GMT" time="49.137" errors="0">
  <testcase name="basePageNavigation" time="29.792" classname="Academy.LoginPage"/>
  <testcase name="basePageNavigation" time="19.345" classname="Academy.LoginPage"/>
</testsuite> <!-- Academy.LoginPage -->
