<?xml version="1.0" encoding="UTF-8"?>
<!-- Generated by org.testng.reporters.JUnitReportReporter -->
<testsuite skipped="0" hostname="DESKTOP-QUG856H" name="PracticeQuestn.highLightElement" tests="1" failures="0" timestamp="31 Aug 2018 16:52:02 GMT" time="10.220" errors="0">
  <testcase name="test2" time="10.220" classname="PracticeQuestn.highLightElement"/>
</testsuite> <!-- PracticeQuestn.highLightElement -->
